build/app/intermediates/manifest_merge_blame_file/developmentDebug/manifest-merger-blame-development-debug-report.txt
1<?xml version="1.0" encoding="utf-8"?>
2<manifest xmlns:android="http://schemas.android.com/apk/res/android"
3    package="com.example.flavoursExample.dev"
4    android:versionCode="1"
5    android:versionName="1.0.0" >
6
7    <uses-sdk
8        android:minSdkVersion="19"
9        android:targetSdkVersion="33" />
10    <!--
11         The INTERNET permission is required for development. Specifically,
12         the Flutter tool needs it to communicate with the running application
13         to allow setting breakpoints, to provide hot reload, etc.
14    -->
15    <uses-permission android:name="android.permission.INTERNET" />
15-->src/debug/AndroidManifest.xml:6:5-66
15-->src/debug/AndroidManifest.xml:6:22-64
16    <uses-permission android:name="android.permission.ACCESS_NETWORK_STATE" />
16-->[com.google.android.exoplayer:exoplayer-core:2.18.7] AndroidManifest.xml:24:5-79
16-->[com.google.android.exoplayer:exoplayer-core:2.18.7] AndroidManifest.xml:24:22-76
17
18    <queries>
18-->[androidx.media2:media2-session:1.2.1] AndroidManifest.xml:24:5-34:15
19        <intent>
19-->[androidx.media2:media2-session:1.2.1] AndroidManifest.xml:25:9-27:18
20            <action android:name="android.media.browse.MediaBrowserService" />
20-->[androidx.media2:media2-session:1.2.1] AndroidManifest.xml:26:13-79
20-->[androidx.media2:media2-session:1.2.1] AndroidManifest.xml:26:21-76
21        </intent>
22        <intent>
22-->[androidx.media2:media2-session:1.2.1] AndroidManifest.xml:28:9-30:18
23            <action android:name="androidx.media2.session.MediaSessionService" />
23-->[androidx.media2:media2-session:1.2.1] AndroidManifest.xml:29:13-82
23-->[androidx.media2:media2-session:1.2.1] AndroidManifest.xml:29:21-79
24        </intent>
25        <intent>
25-->[androidx.media2:media2-session:1.2.1] AndroidManifest.xml:31:9-33:18
26            <action android:name="androidx.media2.session.MediaLibraryService" />
26-->[androidx.media2:media2-session:1.2.1] AndroidManifest.xml:32:13-82
26-->[androidx.media2:media2-session:1.2.1] AndroidManifest.xml:32:21-79
27        </intent>
28    </queries>
29
30    <permission
30-->[androidx.core:core:1.9.0] AndroidManifest.xml:22:5-24:47
31        android:name="com.example.flavoursExample.dev.DYNAMIC_RECEIVER_NOT_EXPORTED_PERMISSION"
31-->[androidx.core:core:1.9.0] AndroidManifest.xml:23:9-81
32        android:protectionLevel="signature" />
32-->[androidx.core:core:1.9.0] AndroidManifest.xml:24:9-44
33
34    <uses-permission android:name="com.example.flavoursExample.dev.DYNAMIC_RECEIVER_NOT_EXPORTED_PERMISSION" />
34-->[androidx.core:core:1.9.0] AndroidManifest.xml:26:5-97
34-->[androidx.core:core:1.9.0] AndroidManifest.xml:26:22-94
35
36    <application
37        android:name="android.app.Application"
38        android:appComponentFactory="androidx.core.app.CoreComponentFactory"
38-->[androidx.core:core:1.9.0] AndroidManifest.xml:28:18-86
39        android:debuggable="true"
40        android:icon="@mipmap/ic_launcher"
41        android:label="@string/app_name" >
42        <activity
43            android:name="com.example.flavours_example.MainActivity"
44            android:configChanges="orientation|keyboardHidden|keyboard|screenSize|smallestScreenSize|locale|layoutDirection|fontScale|screenLayout|density|uiMode"
45            android:exported="true"
46            android:hardwareAccelerated="true"
47            android:launchMode="singleTop"
48            android:theme="@style/LaunchTheme"
49            android:windowSoftInputMode="adjustResize" >
50
51            <!--
52                 Specifies an Android theme to apply to this Activity as soon as
53                 the Android process has started. This theme is visible to the user
54                 while the Flutter UI initializes. After that, this theme continues
55                 to determine the Window background behind the Flutter UI.
56            -->
57            <meta-data
58                android:name="io.flutter.embedding.android.NormalTheme"
59                android:resource="@style/NormalTheme" />
60
61            <intent-filter>
62                <action android:name="android.intent.action.MAIN" />
63
64                <category android:name="android.intent.category.LAUNCHER" />
65            </intent-filter>
66        </activity>
67        <!--
68             Don't delete the meta-data below.
69             This is used by the Flutter tool to generate GeneratedPluginRegistrant.java
70        -->
71        <meta-data
72            android:name="flutterEmbedding"
73            android:value="2" />
74        <!--
75           Declares a provider which allows us to store files to share in
76           '.../caches/share_plus' and grant the receiving action access
77        -->
78        <provider
78-->[:share_plus] AndroidManifest.xml:15:9-23:20
79            android:name="dev.fluttercommunity.plus.share.ShareFileProvider"
79-->[:share_plus] AndroidManifest.xml:16:13-77
80            android:authorities="com.example.flavoursExample.dev.flutter.share_provider"
80-->[:share_plus] AndroidManifest.xml:17:13-74
81            android:exported="false"
81-->[:share_plus] AndroidManifest.xml:18:13-37
82            android:grantUriPermissions="true" >
82-->[:share_plus] AndroidManifest.xml:19:13-47
83            <meta-data
83-->[:share_plus] AndroidManifest.xml:20:13-22:68
84                android:name="android.support.FILE_PROVIDER_PATHS"
84-->[:share_plus] AndroidManifest.xml:21:17-67
85                android:resource="@xml/flutter_share_file_paths" />
85-->[:share_plus] AndroidManifest.xml:22:17-65
86        </provider>
87        <!--
88           This manifest declared broadcast receiver allows us to use an explicit
89           Intent when creating a PendingItent to be informed of the user's choice
90        -->
91        <receiver
91-->[:share_plus] AndroidManifest.xml:28:9-34:20
92            android:name="dev.fluttercommunity.plus.share.SharePlusPendingIntent"
92-->[:share_plus] AndroidManifest.xml:29:13-82
93            android:exported="false" >
93-->[:share_plus] AndroidManifest.xml:30:13-37
94            <intent-filter>
94-->[:share_plus] AndroidManifest.xml:31:13-33:29
95                <action android:name="EXTRA_CHOSEN_COMPONENT" />
95-->[:share_plus] AndroidManifest.xml:32:17-65
95-->[:share_plus] AndroidManifest.xml:32:25-62
96            </intent-filter>
97        </receiver>
98
99        <activity
99-->[:url_launcher_android] AndroidManifest.xml:10:9-13:74
100            android:name="io.flutter.plugins.urllauncher.WebViewActivity"
100-->[:url_launcher_android] AndroidManifest.xml:11:13-74
101            android:exported="false"
101-->[:url_launcher_android] AndroidManifest.xml:12:13-37
102            android:theme="@android:style/Theme.NoTitleBar.Fullscreen" />
102-->[:url_launcher_android] AndroidManifest.xml:13:13-71
103
104        <uses-library
104-->[androidx.window:window:1.0.0-beta04] AndroidManifest.xml:25:9-27:40
105            android:name="androidx.window.extensions"
105-->[androidx.window:window:1.0.0-beta04] AndroidManifest.xml:26:13-54
106            android:required="false" />
106-->[androidx.window:window:1.0.0-beta04] AndroidManifest.xml:27:13-37
107        <uses-library
107-->[androidx.window:window:1.0.0-beta04] AndroidManifest.xml:28:9-30:40
108            android:name="androidx.window.sidecar"
108-->[androidx.window:window:1.0.0-beta04] AndroidManifest.xml:29:13-51
109            android:required="false" />
109-->[androidx.window:window:1.0.0-beta04] AndroidManifest.xml:30:13-37
110    </application>
111
112</manifest>